<?xml version="1.0" encoding="UTF-8"?>
<testsuite name="codeChallenge12.AppTest" tests="1" skipped="0" failures="0" errors="0" timestamp="2021-08-10T10:56:20" hostname="DESKTOP-GLPID2V" time="0.01">
  <properties/>
  <testcase name="shelter" classname="codeChallenge12.AppTest" time="0.01"/>
  <system-out><![CDATA[class java.lang.String    value
Kimmy
class java.lang.String    value
Seder
class java.lang.String    value
poly
class java.lang.String    value
Sherazy
class java.lang.String    value
Mishmesh
]]></system-out>
  <system-err><![CDATA[]]></system-err>
</testsuite>
